<?xml version="1.0" encoding="UTF-8"?>
<robot generator="Robot 7.3.1 (Python 3.12.3 on linux)" generated="2025-06-18T19:08:49.288095" rpa="false" schemaversion="5">
<suite id="s1" name="Tes Sample" source="/home/adam/robot_test_project/tes_sample.robot">
<test id="s1-t1" name="Buka Aplikasi Flutter Dan Klik Tombol" line="12">
<kw name="Open Application" owner="AppiumLibrary">
<arg>${REMOTE_URL}</arg>
<arg>platformName=${PLATFORM_NAME}</arg>
<arg>deviceName=${DEVICE_NAME}</arg>
<arg>appPackage=${APP_PACKAGE}</arg>
<arg>appActivity=${APP_ACTIVITY}</arg>
<arg>automationName=UiAutomator2</arg>
<doc>Opens a new application to given Appium server.
Capabilities of appium server, Android and iOS,
Please check https://appium.io/docs/en/2.1/cli/args/
| *Option*            | *Man.* | *Description*     |
| remote_url          | Yes    | Appium server url |
| alias               | no     | alias             |
| strict_ssl          | No     | allows you to send commands to an invalid certificate host like a self-signed one. |</doc>
<status status="PASS" start="2025-06-18T19:08:49.393210" elapsed="8.120526"/>
</kw>
<kw name="Sleep" owner="BuiltIn">
<msg time="2025-06-18T19:09:02.515256" level="INFO">Slept 5 seconds.</msg>
<arg>5s</arg>
<doc>Pauses the test executed for the given time.</doc>
<status status="PASS" start="2025-06-18T19:08:57.514348" elapsed="5.001173"/>
</kw>
<kw name="Close Application" owner="AppiumLibrary" type="TEARDOWN">
<doc>Closes the current application and also close webdriver session.</doc>
<status status="PASS" start="2025-06-18T19:09:02.516502" elapsed="0.393714"/>
</kw>
<status status="PASS" start="2025-06-18T19:08:49.391741" elapsed="13.518713"/>
</test>
<status status="PASS" start="2025-06-18T19:08:49.289354" elapsed="13.622003"/>
</suite>
<statistics>
<total>
<stat pass="1" fail="0" skip="0">All Tests</stat>
</total>
<tag>
</tag>
<suite>
<stat name="Tes Sample" id="s1" pass="1" fail="0" skip="0">Tes Sample</stat>
</suite>
</statistics>
<errors>
</errors>
</robot>
